<?xml version="1.0" encoding="UTF-8"?>
<!-- Generated by org.testng.reporters.JUnitReportReporter -->
<testsuite hostname="Subhams-MacBook-Air.local" failures="0" tests="1" name="PathandQueryParameters.PathQueryParameters" time="3.033" errors="0" timestamp="17 Feb 2024 09:14:50 GMT" skipped="0">
  <testcase classname="PathandQueryParameters.PathQueryParameters" name="testPathandQueryParameters" time="3.033"/>
</testsuite> <!-- PathandQueryParameters.PathQueryParameters -->
