<?xml version="1.0" encoding="UTF-8"?>
<!-- Generated by org.testng.reporters.JUnitReportReporter -->
<testsuite hostname="Subhams-MacBook-Air.local" failures="0" tests="1" name="SchemaValidations.SerializationDeSerialization" time="0.250" errors="0" timestamp="2024-02-19T22:57:45 IST" skipped="0">
  <testcase classname="SchemaValidations.SerializationDeSerialization" name="convertJSONToPojo" time="0.250"/>
  <system-out/>
</testsuite> <!-- SchemaValidations.SerializationDeSerialization -->
