<?xml version="1.0" encoding="UTF-8"?>
<!-- Generated by org.testng.reporters.JUnitReportReporter -->
<testsuite hostname="Subhams-MacBook-Air.local" failures="0" tests="1" name="ParsingResponseBody.ParsingJSONResponseData" time="2.049" errors="0" timestamp="2024-02-17T23:40:20 IST" skipped="0">
  <testcase classname="ParsingResponseBody.ParsingJSONResponseData" name="testJsonResponseBodyData" time="2.049"/>
  <system-out/>
</testsuite> <!-- ParsingResponseBody.ParsingJSONResponseData -->
