<?xml version="1.0" encoding="UTF-8"?>
<!-- Generated by org.testng.reporters.JUnitReportReporter -->
<testsuite hostname="Subhams-MacBook-Air.local" failures="0" tests="1" name="Chaining.CreateUser" time="5.341" errors="0" timestamp="2024-02-21T23:38:51 IST" skipped="0">
  <testcase classname="Chaining.CreateUser" name="test_createUser" time="5.341"/>
  <system-out/>
</testsuite> <!-- Chaining.CreateUser -->
