<?xml version="1.0" encoding="UTF-8"?>
<!-- Generated by org.testng.reporters.JUnitReportReporter -->
<testsuite hostname="Subhams-MacBook-Air.local" failures="0" tests="1" name="PathandQueryParameters.CookiesDemo" time="2.450" errors="0" timestamp="17 Feb 2024 09:41:30 GMT" skipped="0">
  <testcase classname="PathandQueryParameters.CookiesDemo" name="getCookiesInfo" time="2.450"/>
</testsuite> <!-- PathandQueryParameters.CookiesDemo -->
