<?xml version="1.0" encoding="UTF-8"?>
<!-- Generated by org.testng.reporters.JUnitReportReporter -->
<testsuite hostname="Subhams-MacBook-Air.local" failures="0" tests="1" name="PathandQueryParameters.LoggingDemo" time="2.213" errors="0" timestamp="17 Feb 2024 14:02:43 GMT" skipped="0">
  <testcase classname="PathandQueryParameters.LoggingDemo" name="testLogs" time="2.213"/>
</testsuite> <!-- PathandQueryParameters.LoggingDemo -->
