<?xml version="1.0" encoding="UTF-8"?>
<!-- Generated by org.testng.reporters.JUnitReportReporter -->
<testsuite hostname="Subhams-MacBook-Air.local" failures="0" tests="4" name="Authentications.authentications" time="10.887" errors="0" timestamp="2024-02-20T00:10:18 IST" skipped="0">
  <testcase classname="Authentications.authentications" name="testBearerTokenAuthentication" time="3.941"/>
  <system-out/>
  <testcase classname="Authentications.authentications" name="testBasicAuthentication" time="2.901"/>
  <system-out/>
  <testcase classname="Authentications.authentications" name="testDigestAuthentication" time="2.304"/>
  <system-out/>
  <testcase classname="Authentications.authentications" name="testPreemptiveAuthentication" time="1.741"/>
  <system-out/>
</testsuite> <!-- Authentications.authentications -->
