<?xml version="1.0" encoding="UTF-8"?>
<!-- Generated by org.testng.reporters.JUnitReportReporter -->
<testsuite hostname="Subhams-MacBook-Air.local" failures="0" tests="1" name="PathandQueryParameters.TestHeaders" time="2.520" errors="0" timestamp="17 Feb 2024 14:00:52 GMT" skipped="0">
  <testcase classname="PathandQueryParameters.TestHeaders" name="getHeaders" time="2.520"/>
</testsuite> <!-- PathandQueryParameters.TestHeaders -->
