<?xml version="1.0" encoding="UTF-8"?>
<!-- Generated by org.testng.reporters.JUnitReportReporter -->
<testsuite hostname="Subhams-MacBook-Air.local" failures="0" tests="4" name="restAssuredTest.HTTPRequest" time="5.133" errors="0" timestamp="17 Feb 2024 04:24:44 GMT" skipped="0">
  <testcase classname="restAssuredTest.HTTPRequest" name="getUsers" time="3.014"/>
  <testcase classname="restAssuredTest.HTTPRequest" name="createUser" time="1.082"/>
  <testcase classname="restAssuredTest.HTTPRequest" name="updateUser" time="0.532"/>
  <testcase classname="restAssuredTest.HTTPRequest" name="deleteUser" time="0.505"/>
</testsuite> <!-- restAssuredTest.HTTPRequest -->
