<?xml version="1.0" encoding="UTF-8"?>
<!-- Generated by org.testng.reporters.JUnitReportReporter -->
<testsuite hostname="Subhams-MacBook-Air.local" failures="0" tests="1" name="XMLParser.ParsingXMLResponse" time="3.119" errors="0" timestamp="2024-02-19T00:30:26 IST" skipped="0">
  <testcase classname="XMLParser.ParsingXMLResponse" name="testXMLResponseBody" time="3.119"/>
  <system-out/>
</testsuite> <!-- XMLParser.ParsingXMLResponse -->
