<?xml version="1.0" encoding="UTF-8"?>
<!-- Generated by org.testng.reporters.JUnitReportReporter -->
<testsuite hostname="Subhams-MacBook-Air.local" failures="0" tests="1" name="Chaining.DeleteUser" time="1.538" errors="0" timestamp="2024-02-21T23:38:51 IST" skipped="0">
  <testcase classname="Chaining.DeleteUser" name="test_DeleteUser" time="1.538"/>
  <system-out/>
</testsuite> <!-- Chaining.DeleteUser -->
