<?xml version="1.0" encoding="UTF-8"?>
<!-- Generated by org.testng.reporters.JUnitReportReporter -->
<testsuite hostname="Subhams-MacBook-Air.local" failures="0" tests="1" name="Chaining.GetUser" time="2.090" errors="0" timestamp="2024-02-21T23:38:51 IST" skipped="0">
  <testcase classname="Chaining.GetUser" name="test_getUser" time="2.090"/>
  <system-out/>
</testsuite> <!-- Chaining.GetUser -->
